<?xml version="1.0" encoding="UTF-8"?>
<!-- Generated by org.testng.reporters.JUnitReportReporter -->
<testsuite hostname="Michaels-MacBook-Pro-2.local" failures="0" tests="4" name="runner.TestRunner" time="38.748" errors="0" timestamp="2024-03-10T01:13:18 HKT" skipped="0">
  <testcase classname="runner.TestRunner" name="runScenario" time="8.471"/>
  <testcase classname="runner.TestRunner" name="runScenario" time="12.638"/>
  <testcase classname="runner.TestRunner" name="runScenario" time="9.366"/>
  <testcase classname="runner.TestRunner" name="runScenario" time="8.273"/>
</testsuite> <!-- runner.TestRunner -->
